2023-11-06 11:05:00,832 - root - INFO - 没走代理
2023-11-06 11:05:00,832 - root - INFO - 启动中......
2023-11-06 11:05:00,833 - root - INFO - 启动成功
2023-11-06 11:05:01,104 - pyrogram.connection.connection - INFO - Connecting...
2023-11-06 11:05:11,112 - pyrogram.connection.connection - WARNING - Unable to connect due to network issues: Connection timed out
2023-11-06 11:05:12,113 - pyrogram.connection.connection - INFO - Connecting...
2023-11-06 11:05:22,115 - pyrogram.connection.connection - WARNING - Unable to connect due to network issues: Connection timed out
2023-11-06 11:05:23,115 - pyrogram.connection.connection - INFO - Connecting...
2023-11-06 11:05:33,116 - pyrogram.connection.connection - WARNING - Unable to connect due to network issues: Connection timed out
2023-11-06 11:05:34,117 - pyrogram.connection.connection - WARNING - Connection failed! Trying again...
2023-11-06 11:05:34,118 - pyrogram.connection.connection - INFO - Disconnected
2023-11-06 11:05:34,118 - pyrogram.session.session - INFO - Session stopped
2023-11-06 11:05:34,118 - pyrogram.connection.connection - INFO - Connecting...
2023-11-06 11:05:44,119 - pyrogram.connection.connection - WARNING - Unable to connect due to network issues: Connection timed out
2023-11-06 11:05:45,120 - pyrogram.connection.connection - INFO - Connecting...
2023-11-06 11:05:55,122 - pyrogram.connection.connection - WARNING - Unable to connect due to network issues: Connection timed out
2023-11-06 11:05:56,123 - pyrogram.connection.connection - INFO - Connecting...
2023-11-06 11:06:06,124 - pyrogram.connection.connection - WARNING - Unable to connect due to network issues: Connection timed out
2023-11-06 11:06:07,125 - pyrogram.connection.connection - WARNING - Connection failed! Trying again...
2023-11-06 11:06:07,125 - pyrogram.connection.connection - INFO - Disconnected
2023-11-06 11:06:07,125 - pyrogram.session.session - INFO - Session stopped
2023-11-06 11:06:07,126 - pyrogram.connection.connection - INFO - Connecting...
2023-11-06 11:06:17,127 - pyrogram.connection.connection - WARNING - Unable to connect due to network issues: Connection timed out
2023-11-06 11:06:18,130 - pyrogram.connection.connection - INFO - Connecting...
2023-11-06 11:06:28,132 - pyrogram.connection.connection - WARNING - Unable to connect due to network issues: Connection timed out
2023-11-06 11:06:29,134 - pyrogram.connection.connection - INFO - Connecting...
2023-11-06 11:06:39,135 - pyrogram.connection.connection - WARNING - Unable to connect due to network issues: Connection timed out
2023-11-06 11:06:40,137 - pyrogram.connection.connection - WARNING - Connection failed! Trying again...
2023-11-06 11:06:40,137 - pyrogram.connection.connection - INFO - Disconnected
2023-11-06 11:06:40,137 - pyrogram.session.session - INFO - Session stopped
2023-11-06 11:06:40,138 - pyrogram.connection.connection - INFO - Connecting...
2023-11-06 11:06:50,139 - pyrogram.connection.connection - WARNING - Unable to connect due to network issues: Connection timed out
2023-11-06 11:06:51,140 - pyrogram.connection.connection - INFO - Connecting...
2023-11-06 11:07:01,142 - pyrogram.connection.connection - WARNING - Unable to connect due to network issues: Connection timed out
2023-11-06 11:07:02,144 - pyrogram.connection.connection - INFO - Connecting...
2023-11-06 11:07:12,144 - pyrogram.connection.connection - WARNING - Unable to connect due to network issues: Connection timed out
2023-11-06 11:07:13,146 - pyrogram.connection.connection - WARNING - Connection failed! Trying again...
2023-11-06 11:07:13,146 - pyrogram.connection.connection - INFO - Disconnected
2023-11-06 11:07:13,146 - pyrogram.session.session - INFO - Session stopped
2023-11-06 11:07:13,147 - pyrogram.connection.connection - INFO - Connecting...
2023-11-06 11:07:23,149 - pyrogram.connection.connection - WARNING - Unable to connect due to network issues: Connection timed out
2023-11-06 11:07:24,151 - pyrogram.connection.connection - INFO - Connecting...
2023-11-06 11:07:34,153 - pyrogram.connection.connection - WARNING - Unable to connect due to network issues: Connection timed out
2023-11-06 11:07:35,155 - pyrogram.connection.connection - INFO - Connecting...
2023-11-06 11:07:45,156 - pyrogram.connection.connection - WARNING - Unable to connect due to network issues: Connection timed out
2023-11-06 11:07:46,158 - pyrogram.connection.connection - WARNING - Connection failed! Trying again...
2023-11-06 11:07:46,158 - pyrogram.connection.connection - INFO - Disconnected
2023-11-06 11:07:46,158 - pyrogram.session.session - INFO - Session stopped
2023-11-06 11:07:46,159 - pyrogram.connection.connection - INFO - Connecting...
2023-11-06 11:07:56,159 - pyrogram.connection.connection - WARNING - Unable to connect due to network issues: Connection timed out
2023-11-06 11:07:57,161 - pyrogram.connection.connection - INFO - Connecting...
2023-11-06 11:08:07,163 - pyrogram.connection.connection - WARNING - Unable to connect due to network issues: Connection timed out
2023-11-06 11:08:08,170 - pyrogram.connection.connection - INFO - Connecting...
2023-11-06 11:08:18,172 - pyrogram.connection.connection - WARNING - Unable to connect due to network issues: Connection timed out
2023-11-06 11:08:19,172 - pyrogram.connection.connection - WARNING - Connection failed! Trying again...
2023-11-06 11:08:19,173 - pyrogram.connection.connection - INFO - Disconnected
2023-11-06 11:08:19,173 - pyrogram.session.session - INFO - Session stopped
2023-11-06 11:08:19,173 - pyrogram.connection.connection - INFO - Connecting...
2023-11-06 11:08:29,175 - pyrogram.connection.connection - WARNING - Unable to connect due to network issues: Connection timed out
2023-11-06 11:08:30,182 - pyrogram.connection.connection - INFO - Connecting...
2023-11-06 11:08:40,183 - pyrogram.connection.connection - WARNING - Unable to connect due to network issues: Connection timed out
2023-11-06 11:08:41,185 - pyrogram.connection.connection - INFO - Connecting...
2023-11-06 11:08:51,187 - pyrogram.connection.connection - WARNING - Unable to connect due to network issues: Connection timed out
2023-11-06 11:08:52,188 - pyrogram.connection.connection - WARNING - Connection failed! Trying again...
2023-11-06 11:08:52,189 - pyrogram.connection.connection - INFO - Disconnected
2023-11-06 11:08:52,189 - pyrogram.session.session - INFO - Session stopped
2023-11-06 11:08:52,189 - pyrogram.connection.connection - INFO - Connecting...
2023-11-06 11:09:02,190 - pyrogram.connection.connection - WARNING - Unable to connect due to network issues: Connection timed out
2023-11-06 11:09:03,196 - pyrogram.connection.connection - INFO - Connecting...
2023-11-06 11:09:13,197 - pyrogram.connection.connection - WARNING - Unable to connect due to network issues: Connection timed out
2023-11-06 11:09:14,198 - pyrogram.connection.connection - INFO - Connecting...
2023-11-06 11:09:24,199 - pyrogram.connection.connection - WARNING - Unable to connect due to network issues: Connection timed out
2023-11-06 11:09:25,200 - pyrogram.connection.connection - WARNING - Connection failed! Trying again...
2023-11-06 11:09:25,201 - pyrogram.connection.connection - INFO - Disconnected
2023-11-06 11:09:25,201 - pyrogram.session.session - INFO - Session stopped
2023-11-06 11:09:25,201 - pyrogram.connection.connection - INFO - Connecting...
2023-11-06 11:09:35,202 - pyrogram.connection.connection - WARNING - Unable to connect due to network issues: Connection timed out
2023-11-06 11:09:36,204 - pyrogram.connection.connection - INFO - Connecting...
2023-11-06 11:09:46,205 - pyrogram.connection.connection - WARNING - Unable to connect due to network issues: Connection timed out
2023-11-06 11:09:47,207 - pyrogram.connection.connection - INFO - Connecting...
2023-11-06 11:09:57,207 - pyrogram.connection.connection - WARNING - Unable to connect due to network issues: Connection timed out
2023-11-06 11:09:58,215 - pyrogram.connection.connection - WARNING - Connection failed! Trying again...
2023-11-06 11:09:58,215 - pyrogram.connection.connection - INFO - Disconnected
2023-11-06 11:09:58,215 - pyrogram.session.session - INFO - Session stopped
2023-11-06 11:09:58,215 - pyrogram.connection.connection - INFO - Connecting...
2023-11-06 11:10:08,216 - pyrogram.connection.connection - WARNING - Unable to connect due to network issues: Connection timed out
2023-11-06 11:10:09,217 - pyrogram.connection.connection - INFO - Connecting...
2023-11-06 11:10:19,218 - pyrogram.connection.connection - WARNING - Unable to connect due to network issues: Connection timed out
2023-11-06 11:10:20,225 - pyrogram.connection.connection - INFO - Connecting...
2023-11-06 11:10:30,227 - pyrogram.connection.connection - WARNING - Unable to connect due to network issues: Connection timed out
2023-11-06 11:10:31,234 - pyrogram.connection.connection - WARNING - Connection failed! Trying again...
2023-11-06 11:10:31,235 - pyrogram.connection.connection - INFO - Disconnected
2023-11-06 11:10:31,235 - pyrogram.session.session - INFO - Session stopped
2023-11-06 11:10:31,235 - pyrogram.connection.connection - INFO - Connecting...
2023-11-06 11:10:41,237 - pyrogram.connection.connection - WARNING - Unable to connect due to network issues: Connection timed out
2023-11-06 11:10:42,243 - pyrogram.connection.connection - INFO - Connecting...
2023-11-06 11:10:52,244 - pyrogram.connection.connection - WARNING - Unable to connect due to network issues: Connection timed out
2023-11-06 11:10:53,252 - pyrogram.connection.connection - INFO - Connecting...
2023-11-06 11:11:03,254 - pyrogram.connection.connection - WARNING - Unable to connect due to network issues: Connection timed out
2023-11-06 11:11:04,262 - pyrogram.connection.connection - WARNING - Connection failed! Trying again...
2023-11-06 11:11:04,263 - pyrogram.connection.connection - INFO - Disconnected
2023-11-06 11:11:04,263 - pyrogram.session.session - INFO - Session stopped
2023-11-06 11:11:04,263 - pyrogram.connection.connection - INFO - Connecting...
2023-11-06 11:11:14,265 - pyrogram.connection.connection - WARNING - Unable to connect due to network issues: Connection timed out
2023-11-06 11:11:15,273 - pyrogram.connection.connection - INFO - Connecting...
2023-11-06 11:11:25,275 - pyrogram.connection.connection - WARNING - Unable to connect due to network issues: Connection timed out
2023-11-06 11:11:26,277 - pyrogram.connection.connection - INFO - Connecting...
2023-11-06 11:11:36,285 - pyrogram.connection.connection - WARNING - Unable to connect due to network issues: Connection timed out
2023-11-06 11:11:37,291 - pyrogram.connection.connection - WARNING - Connection failed! Trying again...
2023-11-06 11:11:37,291 - pyrogram.connection.connection - INFO - Disconnected
2023-11-06 11:11:37,291 - pyrogram.session.session - INFO - Session stopped
2023-11-06 11:11:37,291 - pyrogram.connection.connection - INFO - Connecting...
2023-11-06 11:11:47,294 - pyrogram.connection.connection - WARNING - Unable to connect due to network issues: Connection timed out
2023-11-06 11:11:48,301 - pyrogram.connection.connection - INFO - Connecting...
2023-11-06 11:11:58,302 - pyrogram.connection.connection - WARNING - Unable to connect due to network issues: Connection timed out
2023-11-06 11:11:59,304 - pyrogram.connection.connection - INFO - Connecting...
2023-11-06 11:12:09,306 - pyrogram.connection.connection - WARNING - Unable to connect due to network issues: Connection timed out
2023-11-06 11:12:10,308 - pyrogram.connection.connection - WARNING - Connection failed! Trying again...
2023-11-06 11:12:10,308 - pyrogram.connection.connection - INFO - Disconnected
2023-11-06 11:12:10,308 - pyrogram.session.session - INFO - Session stopped
2023-11-06 11:12:10,308 - pyrogram.connection.connection - INFO - Connecting...
2023-11-06 11:12:20,311 - pyrogram.connection.connection - WARNING - Unable to connect due to network issues: Connection timed out
2023-11-06 11:12:21,312 - pyrogram.connection.connection - INFO - Connecting...
2023-11-06 11:12:31,315 - pyrogram.connection.connection - WARNING - Unable to connect due to network issues: Connection timed out
2023-11-06 11:12:32,316 - pyrogram.connection.connection - INFO - Connecting...
2023-11-06 11:12:42,319 - pyrogram.connection.connection - WARNING - Unable to connect due to network issues: Connection timed out
2023-11-06 11:12:43,325 - pyrogram.connection.connection - WARNING - Connection failed! Trying again...
2023-11-06 11:12:43,325 - pyrogram.connection.connection - INFO - Disconnected
2023-11-06 11:12:43,325 - pyrogram.session.session - INFO - Session stopped
2023-11-06 11:12:43,325 - pyrogram.connection.connection - INFO - Connecting...
2023-11-06 11:12:53,328 - pyrogram.connection.connection - WARNING - Unable to connect due to network issues: Connection timed out
2023-11-06 11:12:54,331 - pyrogram.connection.connection - INFO - Connecting...
2023-11-06 11:13:04,332 - pyrogram.connection.connection - WARNING - Unable to connect due to network issues: Connection timed out
2023-11-06 11:13:05,335 - pyrogram.connection.connection - INFO - Connecting...
2023-11-06 11:13:15,338 - pyrogram.connection.connection - WARNING - Unable to connect due to network issues: Connection timed out
2023-11-06 11:13:16,339 - pyrogram.connection.connection - WARNING - Connection failed! Trying again...
2023-11-06 11:13:16,339 - pyrogram.connection.connection - INFO - Disconnected
2023-11-06 11:13:16,339 - pyrogram.session.session - INFO - Session stopped
2023-11-06 11:13:16,340 - pyrogram.connection.connection - INFO - Connecting...
2023-11-06 11:13:26,342 - pyrogram.connection.connection - WARNING - Unable to connect due to network issues: Connection timed out
2023-11-06 11:13:27,343 - pyrogram.connection.connection - INFO - Connecting...
2023-11-06 11:13:37,346 - pyrogram.connection.connection - WARNING - Unable to connect due to network issues: Connection timed out
2023-11-06 11:13:38,347 - pyrogram.connection.connection - INFO - Connecting...
2023-11-06 11:13:48,347 - pyrogram.connection.connection - WARNING - Unable to connect due to network issues: Connection timed out
2023-11-06 11:13:49,350 - pyrogram.connection.connection - WARNING - Connection failed! Trying again...
2023-11-06 11:13:49,350 - pyrogram.connection.connection - INFO - Disconnected
2023-11-06 11:13:49,350 - pyrogram.session.session - INFO - Session stopped
2023-11-06 11:13:49,350 - pyrogram.connection.connection - INFO - Connecting...
2023-11-06 11:13:59,351 - pyrogram.connection.connection - WARNING - Unable to connect due to network issues: Connection timed out
2023-11-06 11:14:00,352 - pyrogram.connection.connection - INFO - Connecting...
2023-11-06 11:14:10,353 - pyrogram.connection.connection - WARNING - Unable to connect due to network issues: Connection timed out
2023-11-06 11:14:11,354 - pyrogram.connection.connection - INFO - Connecting...
2023-11-06 11:14:21,356 - pyrogram.connection.connection - WARNING - Unable to connect due to network issues: Connection timed out
2023-11-06 11:14:22,357 - pyrogram.connection.connection - WARNING - Connection failed! Trying again...
2023-11-06 11:14:22,357 - pyrogram.connection.connection - INFO - Disconnected
2023-11-06 11:14:22,358 - pyrogram.session.session - INFO - Session stopped
2023-11-06 11:14:22,358 - pyrogram.connection.connection - INFO - Connecting...
2023-11-06 11:14:32,411 - pyrogram.connection.connection - WARNING - Unable to connect due to network issues: Connection timed out
2023-11-06 11:14:33,412 - pyrogram.connection.connection - INFO - Connecting...
2023-11-06 11:14:43,415 - pyrogram.connection.connection - WARNING - Unable to connect due to network issues: Connection timed out
2023-11-06 11:14:44,418 - pyrogram.connection.connection - INFO - Connecting...
2023-11-06 11:14:54,419 - pyrogram.connection.connection - WARNING - Unable to connect due to network issues: Connection timed out
2023-11-06 11:14:55,420 - pyrogram.connection.connection - WARNING - Connection failed! Trying again...
2023-11-06 11:14:55,420 - pyrogram.connection.connection - INFO - Disconnected
2023-11-06 11:14:55,420 - pyrogram.session.session - INFO - Session stopped
2023-11-06 11:14:55,421 - pyrogram.connection.connection - INFO - Connecting...
2023-11-06 11:15:05,424 - pyrogram.connection.connection - WARNING - Unable to connect due to network issues: Connection timed out
2023-11-06 11:15:06,427 - pyrogram.connection.connection - INFO - Connecting...
2023-11-06 11:15:16,429 - pyrogram.connection.connection - WARNING - Unable to connect due to network issues: Connection timed out
2023-11-06 11:15:17,430 - pyrogram.connection.connection - INFO - Connecting...
2023-11-06 11:15:27,433 - pyrogram.connection.connection - WARNING - Unable to connect due to network issues: Connection timed out
2023-11-06 11:15:28,435 - pyrogram.connection.connection - WARNING - Connection failed! Trying again...
2023-11-06 11:15:28,435 - pyrogram.connection.connection - INFO - Disconnected
2023-11-06 11:15:28,435 - pyrogram.session.session - INFO - Session stopped
2023-11-06 11:15:28,436 - pyrogram.connection.connection - INFO - Connecting...
2023-11-06 11:15:38,436 - pyrogram.connection.connection - WARNING - Unable to connect due to network issues: Connection timed out
2023-11-06 11:15:39,437 - pyrogram.connection.connection - INFO - Connecting...
2023-11-06 11:15:49,440 - pyrogram.connection.connection - WARNING - Unable to connect due to network issues: Connection timed out
2023-11-06 11:15:50,442 - pyrogram.connection.connection - INFO - Connecting...
2023-11-06 11:16:00,445 - pyrogram.connection.connection - WARNING - Unable to connect due to network issues: Connection timed out
2023-11-06 11:16:01,446 - pyrogram.connection.connection - WARNING - Connection failed! Trying again...
2023-11-06 11:16:01,446 - pyrogram.connection.connection - INFO - Disconnected
2023-11-06 11:16:01,446 - pyrogram.session.session - INFO - Session stopped
2023-11-06 11:16:01,447 - pyrogram.connection.connection - INFO - Connecting...
2023-11-06 11:16:11,450 - pyrogram.connection.connection - WARNING - Unable to connect due to network issues: Connection timed out
2023-11-06 11:16:12,452 - pyrogram.connection.connection - INFO - Connecting...
2023-11-06 11:16:22,453 - pyrogram.connection.connection - WARNING - Unable to connect due to network issues: Connection timed out
2023-11-06 11:16:23,455 - pyrogram.connection.connection - INFO - Connecting...
2023-11-06 11:16:33,458 - pyrogram.connection.connection - WARNING - Unable to connect due to network issues: Connection timed out
2023-11-06 11:16:34,461 - pyrogram.connection.connection - WARNING - Connection failed! Trying again...
2023-11-06 11:16:34,461 - pyrogram.connection.connection - INFO - Disconnected
2023-11-06 11:16:34,461 - pyrogram.session.session - INFO - Session stopped
2023-11-06 11:16:34,462 - pyrogram.connection.connection - INFO - Connecting...
2023-11-06 11:16:44,465 - pyrogram.connection.connection - WARNING - Unable to connect due to network issues: Connection timed out
2023-11-06 11:16:45,466 - pyrogram.connection.connection - INFO - Connecting...
2023-11-06 11:16:55,467 - pyrogram.connection.connection - WARNING - Unable to connect due to network issues: Connection timed out
2023-11-06 11:16:56,471 - pyrogram.connection.connection - INFO - Connecting...
2023-11-06 11:17:06,473 - pyrogram.connection.connection - WARNING - Unable to connect due to network issues: Connection timed out
2023-11-06 11:17:07,474 - pyrogram.connection.connection - WARNING - Connection failed! Trying again...
2023-11-06 11:17:07,474 - pyrogram.connection.connection - INFO - Disconnected
2023-11-06 11:17:07,475 - pyrogram.session.session - INFO - Session stopped
2023-11-06 11:17:07,475 - pyrogram.connection.connection - INFO - Connecting...
2023-11-06 11:17:17,478 - pyrogram.connection.connection - WARNING - Unable to connect due to network issues: Connection timed out
2023-11-06 11:17:18,480 - pyrogram.connection.connection - INFO - Connecting...
2023-11-06 11:17:28,481 - pyrogram.connection.connection - WARNING - Unable to connect due to network issues: Connection timed out
2023-11-06 11:17:29,484 - pyrogram.connection.connection - INFO - Connecting...
2023-11-06 11:17:39,486 - pyrogram.connection.connection - WARNING - Unable to connect due to network issues: Connection timed out
2023-11-06 11:17:40,487 - pyrogram.connection.connection - WARNING - Connection failed! Trying again...
2023-11-06 11:17:40,487 - pyrogram.connection.connection - INFO - Disconnected
2023-11-06 11:17:40,487 - pyrogram.session.session - INFO - Session stopped
2023-11-06 11:17:40,488 - pyrogram.connection.connection - INFO - Connecting...
2023-11-06 11:17:50,488 - pyrogram.connection.connection - WARNING - Unable to connect due to network issues: Connection timed out
2023-11-06 11:17:51,489 - pyrogram.connection.connection - INFO - Connecting...
2023-11-06 11:18:01,493 - pyrogram.connection.connection - WARNING - Unable to connect due to network issues: Connection timed out
2023-11-06 11:18:02,495 - pyrogram.connection.connection - INFO - Connecting...
2023-11-06 11:18:12,496 - pyrogram.connection.connection - WARNING - Unable to connect due to network issues: Connection timed out
2023-11-06 11:18:13,497 - pyrogram.connection.connection - WARNING - Connection failed! Trying again...
2023-11-06 11:18:13,497 - pyrogram.connection.connection - INFO - Disconnected
2023-11-06 11:18:13,497 - pyrogram.session.session - INFO - Session stopped
2023-11-06 11:18:13,497 - pyrogram.connection.connection - INFO - Connecting...
2023-11-06 11:18:23,500 - pyrogram.connection.connection - WARNING - Unable to connect due to network issues: Connection timed out
2023-11-06 11:18:24,501 - pyrogram.connection.connection - INFO - Connecting...
2023-11-06 11:18:34,504 - pyrogram.connection.connection - WARNING - Unable to connect due to network issues: Connection timed out
2023-11-06 11:18:35,505 - pyrogram.connection.connection - INFO - Connecting...
2023-11-06 11:18:45,508 - pyrogram.connection.connection - WARNING - Unable to connect due to network issues: Connection timed out
2023-11-06 11:18:46,510 - pyrogram.connection.connection - WARNING - Connection failed! Trying again...
2023-11-06 11:18:46,511 - pyrogram.connection.connection - INFO - Disconnected
2023-11-06 11:18:46,511 - pyrogram.session.session - INFO - Session stopped
2023-11-06 11:18:46,511 - pyrogram.connection.connection - INFO - Connecting...
2023-11-06 11:18:56,512 - pyrogram.connection.connection - WARNING - Unable to connect due to network issues: Connection timed out
2023-11-06 11:18:57,514 - pyrogram.connection.connection - INFO - Connecting...
2023-11-06 11:19:07,517 - pyrogram.connection.connection - WARNING - Unable to connect due to network issues: Connection timed out
2023-11-06 11:19:08,520 - pyrogram.connection.connection - INFO - Connecting...
2023-11-06 11:19:18,523 - pyrogram.connection.connection - WARNING - Unable to connect due to network issues: Connection timed out
2023-11-06 11:19:19,525 - pyrogram.connection.connection - WARNING - Connection failed! Trying again...
2023-11-06 11:19:19,526 - pyrogram.connection.connection - INFO - Disconnected
2023-11-06 11:19:19,526 - pyrogram.session.session - INFO - Session stopped
2023-11-06 11:19:19,526 - pyrogram.connection.connection - INFO - Connecting...
2023-11-06 11:19:29,529 - pyrogram.connection.connection - WARNING - Unable to connect due to network issues: Connection timed out
2023-11-06 11:19:30,533 - pyrogram.connection.connection - INFO - Connecting...
2023-11-06 11:19:40,536 - pyrogram.connection.connection - WARNING - Unable to connect due to network issues: Connection timed out
2023-11-06 11:19:41,538 - pyrogram.connection.connection - INFO - Connecting...
2023-11-06 11:19:51,539 - pyrogram.connection.connection - WARNING - Unable to connect due to network issues: Connection timed out
2023-11-06 11:19:52,540 - pyrogram.connection.connection - WARNING - Connection failed! Trying again...
2023-11-06 11:19:52,541 - pyrogram.connection.connection - INFO - Disconnected
2023-11-06 11:19:52,541 - pyrogram.session.session - INFO - Session stopped
2023-11-06 11:19:52,541 - pyrogram.connection.connection - INFO - Connecting...
2023-11-06 11:20:02,543 - pyrogram.connection.connection - WARNING - Unable to connect due to network issues: Connection timed out
2023-11-06 11:20:03,544 - pyrogram.connection.connection - INFO - Connecting...
2023-11-06 11:20:13,547 - pyrogram.connection.connection - WARNING - Unable to connect due to network issues: Connection timed out
2023-11-06 11:20:14,548 - pyrogram.connection.connection - INFO - Connecting...
2023-11-06 11:20:24,549 - pyrogram.connection.connection - WARNING - Unable to connect due to network issues: Connection timed out
2023-11-06 11:20:25,550 - pyrogram.connection.connection - WARNING - Connection failed! Trying again...
2023-11-06 11:20:25,550 - pyrogram.connection.connection - INFO - Disconnected
2023-11-06 11:20:25,550 - pyrogram.session.session - INFO - Session stopped
2023-11-06 11:20:25,551 - pyrogram.connection.connection - INFO - Connecting...
2023-11-06 11:20:35,553 - pyrogram.connection.connection - WARNING - Unable to connect due to network issues: Connection timed out
2023-11-06 11:20:36,554 - pyrogram.connection.connection - INFO - Connecting...
2023-11-06 11:20:46,555 - pyrogram.connection.connection - WARNING - Unable to connect due to network issues: Connection timed out
2023-11-06 11:20:47,558 - pyrogram.connection.connection - INFO - Connecting...
2023-11-06 11:20:57,560 - pyrogram.connection.connection - WARNING - Unable to connect due to network issues: Connection timed out
2023-11-06 11:20:58,563 - pyrogram.connection.connection - WARNING - Connection failed! Trying again...
2023-11-06 11:20:58,563 - pyrogram.connection.connection - INFO - Disconnected
2023-11-06 11:20:58,564 - pyrogram.session.session - INFO - Session stopped
2023-11-06 11:20:58,564 - pyrogram.connection.connection - INFO - Connecting...
2023-11-06 11:21:08,565 - pyrogram.connection.connection - WARNING - Unable to connect due to network issues: Connection timed out
2023-11-06 11:21:09,568 - pyrogram.connection.connection - INFO - Connecting...
2023-11-06 11:21:19,570 - pyrogram.connection.connection - WARNING - Unable to connect due to network issues: Connection timed out
2023-11-06 11:21:20,573 - pyrogram.connection.connection - INFO - Connecting...
2023-11-06 11:21:30,576 - pyrogram.connection.connection - WARNING - Unable to connect due to network issues: Connection timed out
2023-11-06 11:21:31,579 - pyrogram.connection.connection - WARNING - Connection failed! Trying again...
2023-11-06 11:21:31,579 - pyrogram.connection.connection - INFO - Disconnected
2023-11-06 11:21:31,579 - pyrogram.session.session - INFO - Session stopped
2023-11-06 11:21:31,580 - pyrogram.connection.connection - INFO - Connecting...
2023-11-06 11:21:41,583 - pyrogram.connection.connection - WARNING - Unable to connect due to network issues: Connection timed out
2023-11-06 11:21:42,586 - pyrogram.connection.connection - INFO - Connecting...
2023-11-06 11:21:52,587 - pyrogram.connection.connection - WARNING - Unable to connect due to network issues: Connection timed out
2023-11-06 11:21:53,589 - pyrogram.connection.connection - INFO - Connecting...
2023-11-06 11:22:03,590 - pyrogram.connection.connection - WARNING - Unable to connect due to network issues: Connection timed out
2023-11-06 11:22:04,591 - pyrogram.connection.connection - WARNING - Connection failed! Trying again...
2023-11-06 11:22:04,592 - pyrogram.connection.connection - INFO - Disconnected
2023-11-06 11:22:04,592 - pyrogram.session.session - INFO - Session stopped
2023-11-06 11:22:04,592 - pyrogram.connection.connection - INFO - Connecting...
2023-11-06 11:22:14,595 - pyrogram.connection.connection - WARNING - Unable to connect due to network issues: Connection timed out
2023-11-06 11:22:15,596 - pyrogram.connection.connection - INFO - Connecting...
2023-11-06 11:22:25,599 - pyrogram.connection.connection - WARNING - Unable to connect due to network issues: Connection timed out
2023-11-06 11:22:26,601 - pyrogram.connection.connection - INFO - Connecting...
2023-11-06 11:22:36,602 - pyrogram.connection.connection - WARNING - Unable to connect due to network issues: Connection timed out
2023-11-06 11:22:37,603 - pyrogram.connection.connection - WARNING - Connection failed! Trying again...
2023-11-06 11:22:37,603 - pyrogram.connection.connection - INFO - Disconnected
2023-11-06 11:22:37,603 - pyrogram.session.session - INFO - Session stopped
2023-11-06 11:22:37,604 - pyrogram.connection.connection - INFO - Connecting...
2023-11-06 11:22:47,606 - pyrogram.connection.connection - WARNING - Unable to connect due to network issues: Connection timed out
2023-11-06 11:22:48,609 - pyrogram.connection.connection - INFO - Connecting...
2023-11-06 11:22:58,611 - pyrogram.connection.connection - WARNING - Unable to connect due to network issues: Connection timed out
2023-11-06 11:22:59,614 - pyrogram.connection.connection - INFO - Connecting...
2023-11-06 11:23:09,616 - pyrogram.connection.connection - WARNING - Unable to connect due to network issues: Connection timed out
2023-11-06 11:23:10,619 - pyrogram.connection.connection - WARNING - Connection failed! Trying again...
2023-11-06 11:23:10,619 - pyrogram.connection.connection - INFO - Disconnected
2023-11-06 11:23:10,619 - pyrogram.session.session - INFO - Session stopped
2023-11-06 11:23:10,620 - pyrogram.connection.connection - INFO - Connecting...
2023-11-06 11:23:20,623 - pyrogram.connection.connection - WARNING - Unable to connect due to network issues: Connection timed out
2023-11-06 11:23:21,624 - pyrogram.connection.connection - INFO - Connecting...
2023-11-06 11:23:31,626 - pyrogram.connection.connection - WARNING - Unable to connect due to network issues: Connection timed out
2023-11-06 11:23:32,627 - pyrogram.connection.connection - INFO - Connecting...
2023-11-06 11:23:42,627 - pyrogram.connection.connection - WARNING - Unable to connect due to network issues: Connection timed out
2023-11-06 11:23:43,630 - pyrogram.connection.connection - WARNING - Connection failed! Trying again...
2023-11-06 11:23:43,630 - pyrogram.connection.connection - INFO - Disconnected
2023-11-06 11:23:43,630 - pyrogram.session.session - INFO - Session stopped
2023-11-06 11:23:43,631 - pyrogram.connection.connection - INFO - Connecting...
2023-11-06 11:23:53,633 - pyrogram.connection.connection - WARNING - Unable to connect due to network issues: Connection timed out
2023-11-06 11:23:54,730 - pyrogram.connection.connection - INFO - Connecting...
2023-11-06 11:24:04,730 - pyrogram.connection.connection - WARNING - Unable to connect due to network issues: Connection timed out
2023-11-06 11:24:05,737 - pyrogram.connection.connection - INFO - Connecting...
2023-11-06 11:24:15,739 - pyrogram.connection.connection - WARNING - Unable to connect due to network issues: Connection timed out
2023-11-06 11:24:16,740 - pyrogram.connection.connection - WARNING - Connection failed! Trying again...
2023-11-06 11:24:16,740 - pyrogram.connection.connection - INFO - Disconnected
2023-11-06 11:24:16,740 - pyrogram.session.session - INFO - Session stopped
2023-11-06 11:24:16,741 - pyrogram.connection.connection - INFO - Connecting...
2023-11-06 11:24:26,742 - pyrogram.connection.connection - WARNING - Unable to connect due to network issues: Connection timed out
2023-11-06 11:24:27,743 - pyrogram.connection.connection - INFO - Connecting...
2023-11-06 11:24:37,743 - pyrogram.connection.connection - WARNING - Unable to connect due to network issues: Connection timed out
2023-11-06 11:24:38,747 - pyrogram.connection.connection - INFO - Connecting...
2023-11-06 11:24:48,750 - pyrogram.connection.connection - WARNING - Unable to connect due to network issues: Connection timed out
2023-11-06 11:24:49,751 - pyrogram.connection.connection - WARNING - Connection failed! Trying again...
2023-11-06 11:24:49,751 - pyrogram.connection.connection - INFO - Disconnected
2023-11-06 11:24:49,751 - pyrogram.session.session - INFO - Session stopped
2023-11-06 11:24:49,752 - pyrogram.connection.connection - INFO - Connecting...
2023-11-06 11:24:59,755 - pyrogram.connection.connection - WARNING - Unable to connect due to network issues: Connection timed out
2023-11-06 11:25:00,756 - pyrogram.connection.connection - INFO - Connecting...
2023-11-06 11:25:10,757 - pyrogram.connection.connection - WARNING - Unable to connect due to network issues: Connection timed out
2023-11-06 11:25:11,760 - pyrogram.connection.connection - INFO - Connecting...
2023-11-06 11:25:21,763 - pyrogram.connection.connection - WARNING - Unable to connect due to network issues: Connection timed out
2023-11-06 11:25:22,766 - pyrogram.connection.connection - WARNING - Connection failed! Trying again...
2023-11-06 11:25:22,766 - pyrogram.connection.connection - INFO - Disconnected
2023-11-06 11:25:22,766 - pyrogram.session.session - INFO - Session stopped
2023-11-06 11:25:22,767 - pyrogram.connection.connection - INFO - Connecting...
2023-11-06 11:25:32,768 - pyrogram.connection.connection - WARNING - Unable to connect due to network issues: Connection timed out
2023-11-06 11:25:33,770 - pyrogram.connection.connection - INFO - Connecting...
2023-11-06 11:25:43,772 - pyrogram.connection.connection - WARNING - Unable to connect due to network issues: Connection timed out
2023-11-06 11:25:44,774 - pyrogram.connection.connection - INFO - Connecting...
2023-11-06 11:25:54,775 - pyrogram.connection.connection - WARNING - Unable to connect due to network issues: Connection timed out
2023-11-06 11:25:55,778 - pyrogram.connection.connection - WARNING - Connection failed! Trying again...
2023-11-06 11:25:55,778 - pyrogram.connection.connection - INFO - Disconnected
2023-11-06 11:25:55,778 - pyrogram.session.session - INFO - Session stopped
2023-11-06 11:25:55,778 - pyrogram.connection.connection - INFO - Connecting...
2023-11-06 11:26:05,781 - pyrogram.connection.connection - WARNING - Unable to connect due to network issues: Connection timed out
2023-11-06 11:26:06,783 - pyrogram.connection.connection - INFO - Connecting...
2023-11-06 11:26:16,786 - pyrogram.connection.connection - WARNING - Unable to connect due to network issues: Connection timed out
2023-11-06 11:26:17,789 - pyrogram.connection.connection - INFO - Connecting...
2023-11-06 11:26:27,790 - pyrogram.connection.connection - WARNING - Unable to connect due to network issues: Connection timed out
2023-11-06 11:26:28,792 - pyrogram.connection.connection - WARNING - Connection failed! Trying again...
2023-11-06 11:26:28,792 - pyrogram.connection.connection - INFO - Disconnected
2023-11-06 11:26:28,793 - pyrogram.session.session - INFO - Session stopped
2023-11-06 11:26:28,793 - pyrogram.connection.connection - INFO - Connecting...
2023-11-06 11:26:38,796 - pyrogram.connection.connection - WARNING - Unable to connect due to network issues: Connection timed out
2023-11-06 11:26:39,799 - pyrogram.connection.connection - INFO - Connecting...
2023-11-06 11:26:49,802 - pyrogram.connection.connection - WARNING - Unable to connect due to network issues: Connection timed out
2023-11-06 11:26:50,805 - pyrogram.connection.connection - INFO - Connecting...
2023-11-06 11:27:00,807 - pyrogram.connection.connection - WARNING - Unable to connect due to network issues: Connection timed out
2023-11-06 11:27:01,808 - pyrogram.connection.connection - WARNING - Connection failed! Trying again...
2023-11-06 11:27:01,808 - pyrogram.connection.connection - INFO - Disconnected
2023-11-06 11:27:01,808 - pyrogram.session.session - INFO - Session stopped
2023-11-06 11:27:01,808 - pyrogram.connection.connection - INFO - Connecting...
2023-11-06 11:27:11,811 - pyrogram.connection.connection - WARNING - Unable to connect due to network issues: Connection timed out
2023-11-06 11:27:12,814 - pyrogram.connection.connection - INFO - Connecting...
2023-11-06 11:27:22,817 - pyrogram.connection.connection - WARNING - Unable to connect due to network issues: Connection timed out
2023-11-06 11:27:23,818 - pyrogram.connection.connection - INFO - Connecting...
2023-11-06 11:27:33,820 - pyrogram.connection.connection - WARNING - Unable to connect due to network issues: Connection timed out
2023-11-06 11:27:34,820 - pyrogram.connection.connection - WARNING - Connection failed! Trying again...
2023-11-06 11:27:34,821 - pyrogram.connection.connection - INFO - Disconnected
2023-11-06 11:27:34,821 - pyrogram.session.session - INFO - Session stopped
2023-11-06 11:27:34,821 - pyrogram.connection.connection - INFO - Connecting...
2023-11-06 11:27:44,823 - pyrogram.connection.connection - WARNING - Unable to connect due to network issues: Connection timed out
2023-11-06 11:27:45,826 - pyrogram.connection.connection - INFO - Connecting...
2023-11-06 11:27:55,826 - pyrogram.connection.connection - WARNING - Unable to connect due to network issues: Connection timed out
2023-11-06 11:27:56,827 - pyrogram.connection.connection - INFO - Connecting...
2023-11-06 11:28:06,830 - pyrogram.connection.connection - WARNING - Unable to connect due to network issues: Connection timed out
2023-11-06 11:28:07,833 - pyrogram.connection.connection - WARNING - Connection failed! Trying again...
2023-11-06 11:28:07,833 - pyrogram.connection.connection - INFO - Disconnected
2023-11-06 11:28:07,833 - pyrogram.session.session - INFO - Session stopped
2023-11-06 11:28:07,834 - pyrogram.connection.connection - INFO - Connecting...
2023-11-06 11:28:17,836 - pyrogram.connection.connection - WARNING - Unable to connect due to network issues: Connection timed out
2023-11-06 11:28:18,841 - pyrogram.connection.connection - INFO - Connecting...
2023-11-06 11:28:28,844 - pyrogram.connection.connection - WARNING - Unable to connect due to network issues: Connection timed out
2023-11-06 11:28:29,845 - pyrogram.connection.connection - INFO - Connecting...
2023-11-06 11:28:39,848 - pyrogram.connection.connection - WARNING - Unable to connect due to network issues: Connection timed out
2023-11-06 11:28:40,849 - pyrogram.connection.connection - WARNING - Connection failed! Trying again...
2023-11-06 11:28:40,849 - pyrogram.connection.connection - INFO - Disconnected
2023-11-06 11:28:40,849 - pyrogram.session.session - INFO - Session stopped
2023-11-06 11:28:40,849 - pyrogram.connection.connection - INFO - Connecting...
2023-11-06 11:28:50,851 - pyrogram.connection.connection - WARNING - Unable to connect due to network issues: Connection timed out
2023-11-06 11:28:51,854 - pyrogram.connection.connection - INFO - Connecting...
2023-11-06 11:29:01,856 - pyrogram.connection.connection - WARNING - Unable to connect due to network issues: Connection timed out
2023-11-06 11:29:02,859 - pyrogram.connection.connection - INFO - Connecting...
2023-11-06 11:29:12,860 - pyrogram.connection.connection - WARNING - Unable to connect due to network issues: Connection timed out
2023-11-06 11:29:13,863 - pyrogram.connection.connection - WARNING - Connection failed! Trying again...
2023-11-06 11:29:13,864 - pyrogram.connection.connection - INFO - Disconnected
2023-11-06 11:29:13,864 - pyrogram.session.session - INFO - Session stopped
2023-11-06 11:29:13,864 - pyrogram.connection.connection - INFO - Connecting...
2023-11-06 11:29:23,867 - pyrogram.connection.connection - WARNING - Unable to connect due to network issues: Connection timed out
2023-11-06 11:29:24,867 - pyrogram.connection.connection - INFO - Connecting...
2023-11-06 11:29:34,871 - pyrogram.connection.connection - WARNING - Unable to connect due to network issues: Connection timed out
2023-11-06 11:29:35,874 - pyrogram.connection.connection - INFO - Connecting...
2023-11-06 11:29:45,875 - pyrogram.connection.connection - WARNING - Unable to connect due to network issues: Connection timed out
2023-11-06 11:29:46,882 - pyrogram.connection.connection - WARNING - Connection failed! Trying again...
2023-11-06 11:29:46,883 - pyrogram.connection.connection - INFO - Disconnected
2023-11-06 11:29:46,883 - pyrogram.session.session - INFO - Session stopped
2023-11-06 11:29:46,883 - pyrogram.connection.connection - INFO - Connecting...
2023-11-06 11:29:56,884 - pyrogram.connection.connection - WARNING - Unable to connect due to network issues: Connection timed out
2023-11-06 11:29:57,887 - pyrogram.connection.connection - INFO - Connecting...
2023-11-06 11:30:07,889 - pyrogram.connection.connection - WARNING - Unable to connect due to network issues: Connection timed out
2023-11-06 11:30:08,890 - pyrogram.connection.connection - INFO - Connecting...
2023-11-06 11:30:18,894 - pyrogram.connection.connection - WARNING - Unable to connect due to network issues: Connection timed out
2023-11-06 11:30:19,894 - pyrogram.connection.connection - WARNING - Connection failed! Trying again...
2023-11-06 11:30:19,895 - pyrogram.connection.connection - INFO - Disconnected
2023-11-06 11:30:19,895 - pyrogram.session.session - INFO - Session stopped
2023-11-06 11:30:19,895 - pyrogram.connection.connection - INFO - Connecting...
2023-11-06 11:30:29,898 - pyrogram.connection.connection - WARNING - Unable to connect due to network issues: Connection timed out
2023-11-06 11:30:30,899 - pyrogram.connection.connection - INFO - Connecting...
2023-11-06 11:30:40,909 - pyrogram.connection.connection - WARNING - Unable to connect due to network issues: Connection timed out
2023-11-06 11:30:41,912 - pyrogram.connection.connection - INFO - Connecting...
2023-11-06 11:30:51,918 - pyrogram.connection.connection - WARNING - Unable to connect due to network issues: Connection timed out
2023-11-06 11:30:52,925 - pyrogram.connection.connection - WARNING - Connection failed! Trying again...
2023-11-06 11:30:52,925 - pyrogram.connection.connection - INFO - Disconnected
2023-11-06 11:30:52,925 - pyrogram.session.session - INFO - Session stopped
2023-11-06 11:30:52,926 - pyrogram.connection.connection - INFO - Connecting...
2023-11-06 11:31:02,929 - pyrogram.connection.connection - WARNING - Unable to connect due to network issues: Connection timed out
2023-11-06 11:31:03,931 - pyrogram.connection.connection - INFO - Connecting...
2023-11-06 11:31:13,933 - pyrogram.connection.connection - WARNING - Unable to connect due to network issues: Connection timed out
2023-11-06 11:31:14,935 - pyrogram.connection.connection - INFO - Connecting...
2023-11-06 11:31:24,937 - pyrogram.connection.connection - WARNING - Unable to connect due to network issues: Connection timed out
2023-11-06 11:31:25,939 - pyrogram.connection.connection - WARNING - Connection failed! Trying again...
2023-11-06 11:31:25,939 - pyrogram.connection.connection - INFO - Disconnected
2023-11-06 11:31:25,939 - pyrogram.session.session - INFO - Session stopped
2023-11-06 11:31:25,939 - pyrogram.connection.connection - INFO - Connecting...
2023-11-06 11:31:35,941 - pyrogram.connection.connection - WARNING - Unable to connect due to network issues: Connection timed out
2023-11-06 11:31:36,943 - pyrogram.connection.connection - INFO - Connecting...
2023-11-06 11:31:46,945 - pyrogram.connection.connection - WARNING - Unable to connect due to network issues: Connection timed out
2023-11-06 11:31:47,946 - pyrogram.connection.connection - INFO - Connecting...
2023-11-06 11:31:57,947 - pyrogram.connection.connection - WARNING - Unable to connect due to network issues: Connection timed out
2023-11-06 11:31:58,949 - pyrogram.connection.connection - WARNING - Connection failed! Trying again...
2023-11-06 11:31:58,949 - pyrogram.connection.connection - INFO - Disconnected
2023-11-06 11:31:58,949 - pyrogram.session.session - INFO - Session stopped
2023-11-06 11:31:58,949 - pyrogram.connection.connection - INFO - Connecting...
2023-11-06 11:32:08,950 - pyrogram.connection.connection - WARNING - Unable to connect due to network issues: Connection timed out
2023-11-06 11:32:09,952 - pyrogram.connection.connection - INFO - Connecting...
2023-11-06 11:32:19,954 - pyrogram.connection.connection - WARNING - Unable to connect due to network issues: Connection timed out
2023-11-06 11:32:20,956 - pyrogram.connection.connection - INFO - Connecting...
2023-11-06 11:32:30,957 - pyrogram.connection.connection - WARNING - Unable to connect due to network issues: Connection timed out
2023-11-06 11:32:31,959 - pyrogram.connection.connection - WARNING - Connection failed! Trying again...
2023-11-06 11:32:31,959 - pyrogram.connection.connection - INFO - Disconnected
2023-11-06 11:32:31,959 - pyrogram.session.session - INFO - Session stopped
2023-11-06 11:32:31,960 - pyrogram.connection.connection - INFO - Connecting...
2023-11-06 11:32:41,960 - pyrogram.connection.connection - WARNING - Unable to connect due to network issues: Connection timed out
2023-11-06 11:32:42,962 - pyrogram.connection.connection - INFO - Connecting...
2023-11-06 11:32:52,964 - pyrogram.connection.connection - WARNING - Unable to connect due to network issues: Connection timed out
2023-11-06 11:32:53,966 - pyrogram.connection.connection - INFO - Connecting...
2023-11-06 11:33:03,966 - pyrogram.connection.connection - WARNING - Unable to connect due to network issues: Connection timed out
2023-11-06 11:33:04,968 - pyrogram.connection.connection - WARNING - Connection failed! Trying again...
2023-11-06 11:33:04,968 - pyrogram.connection.connection - INFO - Disconnected
2023-11-06 11:33:04,969 - pyrogram.session.session - INFO - Session stopped
2023-11-06 11:33:04,969 - pyrogram.connection.connection - INFO - Connecting...
2023-11-06 11:33:14,971 - pyrogram.connection.connection - WARNING - Unable to connect due to network issues: Connection timed out
2023-11-06 11:33:15,979 - pyrogram.connection.connection - INFO - Connecting...
2023-11-06 11:33:25,981 - pyrogram.connection.connection - WARNING - Unable to connect due to network issues: Connection timed out
2023-11-06 11:33:26,982 - pyrogram.connection.connection - INFO - Connecting...
2023-11-06 11:33:36,982 - pyrogram.connection.connection - WARNING - Unable to connect due to network issues: Connection timed out
2023-11-06 11:33:37,989 - pyrogram.connection.connection - WARNING - Connection failed! Trying again...
2023-11-06 11:33:37,989 - pyrogram.connection.connection - INFO - Disconnected
2023-11-06 11:33:37,990 - pyrogram.session.session - INFO - Session stopped
2023-11-06 11:33:37,990 - pyrogram.connection.connection - INFO - Connecting...
2023-11-06 11:33:47,991 - pyrogram.connection.connection - WARNING - Unable to connect due to network issues: Connection timed out
2023-11-06 11:33:48,992 - pyrogram.connection.connection - INFO - Connecting...
2023-11-06 11:33:58,994 - pyrogram.connection.connection - WARNING - Unable to connect due to network issues: Connection timed out
2023-11-06 11:33:59,996 - pyrogram.connection.connection - INFO - Connecting...
2023-11-06 11:34:09,998 - pyrogram.connection.connection - WARNING - Unable to connect due to network issues: Connection timed out
2023-11-06 11:34:10,999 - pyrogram.connection.connection - WARNING - Connection failed! Trying again...
2023-11-06 11:34:10,999 - pyrogram.connection.connection - INFO - Disconnected
2023-11-06 11:34:10,999 - pyrogram.session.session - INFO - Session stopped
2023-11-06 11:34:11,000 - pyrogram.connection.connection - INFO - Connecting...
2023-11-06 11:34:21,000 - pyrogram.connection.connection - WARNING - Unable to connect due to network issues: Connection timed out
2023-11-06 11:34:22,008 - pyrogram.connection.connection - INFO - Connecting...
2023-11-06 11:34:32,009 - pyrogram.connection.connection - WARNING - Unable to connect due to network issues: Connection timed out
2023-11-06 11:34:33,015 - pyrogram.connection.connection - INFO - Connecting...
